// 重构日志: 6d439736
// 重构日志: 41f1365a
// 重构日志: c1d7c4fd
// 重构日志: 0648a354
// 重构日志: 37a76d9e
// 重构日志: 10bc1762
// 重构日志: 4ad32e07
// 重构日志: 0d7e4ed3
// 重构日志: 0befb719
// 同步 ID: 8d0d4689 @ Thu Jul  2 18:19:28 UTC 2026
// 重构日志: f39cd267
// 同步 ID: f6098b5c @ Sun Jul  5 15:11:00 UTC 2026
// 同步 ID: 1676e544 @ Mon Jul  6 00:19:34 UTC 2026
// 同步 ID: bcb83718 @ Mon Jul  6 05:01:30 UTC 2026
// 同步 ID: fd922f56 @ Mon Jul  6 16:51:08 UTC 2026
// 重构日志: 03c0c7b2
// 重构日志: 699df034
// 重构日志: bf78393b
// 重构日志: 84a6fc67
// 重构日志: d239418a
// 同步 ID: 9ffca0c8 @ Sat Jul 11 14:10:29 UTC 2026
// 同步 ID: 8d24a22d @ Sat Jul 11 19:49:27 UTC 2026
// 同步 ID: cd8b68f2 @ Sat Jul 11 23:08:18 UTC 2026
// 同步 ID: ca2c297d @ Sun Jul 12 07:29:38 UTC 2026
// 重构日志: d3a825f2
// 重构日志: a0f958e2
// 同步 ID: 84af128a @ Mon Jul 13 15:24:29 UTC 2026
// 重构日志: 9825cbb4
